  [4;36;1mSQL (0.0ms)[0m   [0;1m SELECT name
 FROM sqlite_master
 WHERE type = 'table' AND NOT name = 'sqlite_sequence'
[0m
  [4;35;1mSQL (0.0ms)[0m   [0mselect sqlite_version(*)[0m
  [4;36;1mSQL (78.0ms)[0m   [0;1mCREATE TABLE "schema_migrations" ("version" varchar(255) NOT NULL) [0m
  [4;35;1mSQL (94.0ms)[0m   [0mCREATE UNIQUE INDEX "unique_schema_migrations" ON "schema_migrations" ("version")[0m
  [4;36;1mSQL (0.0ms)[0m   [0;1m SELECT name
 FROM sqlite_master
 WHERE type = 'table' AND NOT name = 'sqlite_sequence'
[0m
  [4;35;1mSQL (0.0ms)[0m   [0mSELECT version FROM schema_migrations[0m
Migrating to CreateTopics (20090613215827)
  [4;36;1mSQL (16.0ms)[0m   [0;1mCREATE TABLE "topics" ("id" INTEGER PRIMARY KEY AUTOINCREMENT NOT NULL, "title" varchar(255), "description" text, "created_at" datetime, "updated_at" datetime) [0m
  [4;35;1mSQL (0.0ms)[0m   [0mINSERT INTO schema_migrations (version) VALUES ('20090613215827')[0m
  [4;36;1mSQL (0.0ms)[0m   [0;1m SELECT name
 FROM sqlite_master
 WHERE type = 'table' AND NOT name = 'sqlite_sequence'
[0m
  [4;35;1mSQL (0.0ms)[0m   [0mSELECT version FROM schema_migrations[0m
  [4;36;1mSQL (0.0ms)[0m   [0;1m SELECT name
 FROM sqlite_master
 WHERE type = 'table' AND NOT name = 'sqlite_sequence'
[0m
  [4;35;1mSQL (0.0ms)[0m   [0mPRAGMA index_list("topics")[0m


Processing TopicsController#index (for 127.0.0.1 at 2009-06-13 15:14:02) [GET]
  [4;36;1mTopic Load (0.0ms)[0m   [0;1mSELECT * FROM "topics" [0m
Rendering template within layouts/topics
Rendering topics/index
Completed in 1875ms (View: 1860, DB: 0) | 200 OK [http://localhost/topics]


Processing TopicsController#new (for 127.0.0.1 at 2009-06-13 15:14:13) [GET]
Rendering template within layouts/topics
Rendering topics/new
Completed in 47ms (View: 31, DB: 0) | 200 OK [http://localhost/topics/new]


Processing TopicsController#create (for 127.0.0.1 at 2009-06-13 15:14:53) [POST]
  Parameters: {"commit"=>"Create", "authenticity_token"=>"1w27qJuUxCeaGBEw5h5XI038FizW3VP8PwCE65oD/8I=", "topic"=>{"title"=>"My first app making", "description"=>"Trying to test the database first time!"}}
  [4;35;1mTopic Create (0.0ms)[0m   [0mINSERT INTO "topics" ("updated_at", "title", "description", "created_at") VALUES('2009-06-13 22:14:53', 'My first app making', 'Trying to test the database first time!', '2009-06-13 22:14:53')[0m
Redirected to http://localhost:3000/topics/1
Completed in 250ms (DB: 0) | 302 Found [http://localhost/topics]


Processing TopicsController#show (for 127.0.0.1 at 2009-06-13 15:14:54) [GET]
  Parameters: {"id"=>"1"}
  [4;36;1mTopic Load (0.0ms)[0m   [0;1mSELECT * FROM "topics" WHERE ("topics"."id" = 1) [0m
Rendering template within layouts/topics
Rendering topics/show
Completed in 31ms (View: 16, DB: 0) | 200 OK [http://localhost/topics/1]


Processing TopicsController#index (for 127.0.0.1 at 2009-06-13 15:19:41) [GET]
  [4;35;1mTopic Load (0.0ms)[0m   [0mSELECT * FROM "topics" [0m
Rendering template within layouts/topics
Rendering topics/index
Completed in 94ms (View: 94, DB: 0) | 200 OK [http://localhost/topics]


Processing TopicsController#destroy (for 127.0.0.1 at 2009-06-13 15:19:58) [DELETE]
  Parameters: {"authenticity_token"=>"1w27qJuUxCeaGBEw5h5XI038FizW3VP8PwCE65oD/8I=", "id"=>"2"}
  [4;36;1mTopic Load (0.0ms)[0m   [0;1mSELECT * FROM "topics" WHERE ("topics"."id" = 2) [0m
  [4;35;1mTopic Destroy (0.0ms)[0m   [0mDELETE FROM "topics" WHERE "id" = 2[0m
Redirected to http://localhost:3000/topics
Completed in 172ms (DB: 0) | 302 Found [http://localhost/topics/2]


Processing TopicsController#index (for 127.0.0.1 at 2009-06-13 15:19:58) [GET]
  [4;36;1mTopic Load (0.0ms)[0m   [0;1mSELECT * FROM "topics" [0m
Rendering template within layouts/topics
Rendering topics/index
Completed in 32ms (View: 16, DB: 0) | 200 OK [http://localhost/topics]
